<?xml version="1.0" encoding="UTF-8"?>
<testng-results ignored="0" total="1" passed="1" failed="0" skipped="0">
  <reporter-output>
  </reporter-output>
  <suite started-at="2021-10-12T21:03:18 IST" name="Default suite" finished-at="2021-10-12T21:03:25 IST" duration-ms="7391">
    <groups>
    </groups>
    <test started-at="2021-10-12T21:03:18 IST" name="Default test" finished-at="2021-10-12T21:03:25 IST" duration-ms="7391">
      <class name="Day_028_WebTable_Examples.ExportEmployees">
        <test-method signature="ExportAllEmployees()[pri:0, instance:Day_028_WebTable_Examples.ExportEmployees@71809907]" started-at="2021-10-12T21:03:18 IST" name="ExportAllEmployees" finished-at="2021-10-12T21:03:25 IST" duration-ms="7278" status="PASS">
          <reporter-output>
          </reporter-output>
        </test-method> <!-- ExportAllEmployees -->
      </class> <!-- Day_028_WebTable_Examples.ExportEmployees -->
    </test> <!-- Default test -->
  </suite> <!-- Default suite -->
</testng-results>
